# JRE version: OpenJDK Runtime Environment Temurin-17.0.6+10 (17.0.6+10) (build 17.0.6+10)
# Java VM: OpenJDK 64-Bit Server VM Temurin-17.0.6+10 (17.0.6+10, mixed mode, tiered, compressed oops, compressed class ptrs, g1 gc, linux-amd64)
GC Precious Log:
 CPUs: 16 total, 16 available
 Memory: 11797M
 Large Page Support: Disabled
 NUMA Support: Disabled
 Compressed Oops: Enabled (32-bit)
 Heap Region Size: 1M
 Heap Min Capacity: 64M
 Heap Initial Capacity: 64M
 Heap Max Capacity: 1G
 Pre-touch: Disabled
 Parallel Workers: 13
 Concurrent Workers: 3
 Concurrent Refinement Workers: 13
 Periodic GC: Disabled
Heap:
 garbage-first heap   total 114688K, used 77613K [0x00000000c0000000, 0x0000000100000000)
  region size 1024K, 34 young (34816K), 3 survivors (3072K)
 Metaspace       used 74437K, committed 76160K, reserved 1122304K
  class space    used 9001K, committed 9792K, reserved 1048576K
GC Heap History (20 events):
Event: 3,687 GC heap before
{Heap before GC invocations=9 (full 0):
 garbage-first heap   total 71680K, used 48908K [0x00000000c0000000, 0x0000000100000000)
  region size 1024K, 30 young (30720K), 6 survivors (6144K)
 Metaspace       used 47801K, committed 49088K, reserved 1097728K
  class space    used 5520K, committed 6080K, reserved 1048576K
}
Event: 3,692 GC heap after
{Heap after GC invocations=10 (full 0):
 garbage-first heap   total 71680K, used 29040K [0x00000000c0000000, 0x0000000100000000)
  region size 1024K, 4 young (4096K), 4 survivors (4096K)
 Metaspace       used 47801K, committed 49088K, reserved 1097728K
  class space    used 5520K, committed 6080K, reserved 1048576K
}
Event: 4,100 GC heap before
{Heap before GC invocations=10 (full 0):
 garbage-first heap   total 71680K, used 50544K [0x00000000c0000000, 0x0000000100000000)
  region size 1024K, 26 young (26624K), 4 survivors (4096K)
 Metaspace       used 51012K, committed 52416K, reserved 1097728K
  class space    used 5915K, committed 6528K, reserved 1048576K
}
Event: 4,104 GC heap after
{Heap after GC invocations=11 (full 0):
 garbage-first heap   total 71680K, used 33205K [0x00000000c0000000, 0x0000000100000000)
  region size 1024K, 4 young (4096K), 4 survivors (4096K)
 Metaspace       used 51012K, committed 52416K, reserved 1097728K
  class space    used 5915K, committed 6528K, reserved 1048576K
}
Event: 4,817 GC heap before
{Heap before GC invocations=11 (full 0):
 garbage-first heap   total 71680K, used 51637K [0x00000000c0000000, 0x0000000100000000)
  region size 1024K, 22 young (22528K), 4 survivors (4096K)
 Metaspace       used 55067K, committed 56512K, reserved 1105920K
  class space    used 6556K, committed 7232K, reserved 1048576K
}
Event: 4,820 GC heap after
{Heap after GC invocations=12 (full 0):
 garbage-first heap   total 71680K, used 36018K [0x00000000c0000000, 0x0000000100000000)
  region size 1024K, 3 young (3072K), 3 survivors (3072K)
 Metaspace       used 55067K, committed 56512K, reserved 1105920K
  class space    used 6556K, committed 7232K, reserved 1048576K
}
Event: 5,408 GC heap before
{Heap before GC invocations=12 (full 0):
 garbage-first heap   total 71680K, used 50354K [0x00000000c0000000, 0x0000000100000000)
  region size 1024K, 18 young (18432K), 3 survivors (3072K)
 Metaspace       used 58671K, committed 60160K, reserved 1105920K
  class space    used 6934K, committed 7616K, reserved 1048576K
}
Event: 5,412 GC heap after
{Heap after GC invocations=13 (full 0):
 garbage-first heap   total 71680K, used 38066K [0x00000000c0000000, 0x0000000100000000)
  region size 1024K, 3 young (3072K), 3 survivors (3072K)
 Metaspace       used 58671K, committed 60160K, reserved 1105920K
  class space    used 6934K, committed 7616K, reserved 1048576K
}
Event: 5,857 GC heap before
{Heap before GC invocations=14 (full 0):
 garbage-first heap   total 71680K, used 53426K [0x00000000c0000000, 0x0000000100000000)
  region size 1024K, 19 young (19456K), 3 survivors (3072K)
 Metaspace       used 63733K, committed 65344K, reserved 1114112K
  class space    used 7524K, committed 8256K, reserved 1048576K
}
Event: 5,860 GC heap after
{Heap after GC invocations=15 (full 0):
 garbage-first heap   total 71680K, used 40072K [0x00000000c0000000, 0x0000000100000000)
  region size 1024K, 3 young (3072K), 3 survivors (3072K)
 Metaspace       used 63733K, committed 65344K, reserved 1114112K
  class space    used 7524K, committed 8256K, reserved 1048576K
}
Event: 5,895 GC heap before
{Heap before GC invocations=15 (full 0):
 garbage-first heap   total 71680K, used 41096K [0x00000000c0000000, 0x0000000100000000)
  region size 1024K, 4 young (4096K), 3 survivors (3072K)
 Metaspace       used 63796K, committed 65408K, reserved 1114112K
  class space    used 7529K, committed 8256K, reserved 1048576K
}
Event: 5,898 GC heap after
{Heap after GC invocations=16 (full 0):
 garbage-first heap   total 71680K, used 39744K [0x00000000c0000000, 0x0000000100000000)
  region size 1024K, 1 young (1024K), 1 survivors (1024K)
 Metaspace       used 63796K, committed 65408K, reserved 1114112K
  class space    used 7529K, committed 8256K, reserved 1048576K
}
Event: 7,216 GC heap before
{Heap before GC invocations=16 (full 0):
 garbage-first heap   total 71680K, used 56128K [0x00000000c0000000, 0x0000000100000000)
  region size 1024K, 17 young (17408K), 1 survivors (1024K)
 Metaspace       used 65077K, committed 66624K, reserved 1114112K
  class space    used 7686K, committed 8384K, reserved 1048576K
}
Event: 7,218 GC heap after
{Heap after GC invocations=17 (full 0):
 garbage-first heap   total 71680K, used 41457K [0x00000000c0000000, 0x0000000100000000)
  region size 1024K, 3 young (3072K), 3 survivors (3072K)
 Metaspace       used 65077K, committed 66624K, reserved 1114112K
  class space    used 7686K, committed 8384K, reserved 1048576K
}
Event: 7,520 GC heap before
{Heap before GC invocations=18 (full 0):
 garbage-first heap   total 78848K, used 54769K [0x00000000c0000000, 0x0000000100000000)
  region size 1024K, 17 young (17408K), 3 survivors (3072K)
 Metaspace       used 68393K, committed 70144K, reserved 1114112K
  class space    used 8302K, committed 9152K, reserved 1048576K
}
Event: 7,523 GC heap after
{Heap after GC invocations=19 (full 0):
 garbage-first heap   total 78848K, used 42197K [0x00000000c0000000, 0x0000000100000000)
  region size 1024K, 2 young (2048K), 2 survivors (2048K)
 Metaspace       used 68393K, committed 70144K, reserved 1114112K
  class space    used 8302K, committed 9152K, reserved 1048576K
}
Event: 7,546 GC heap before
{Heap before GC invocations=19 (full 0):
 garbage-first heap   total 78848K, used 43221K [0x00000000c0000000, 0x0000000100000000)
  region size 1024K, 3 young (3072K), 2 survivors (2048K)
 Metaspace       used 68627K, committed 70336K, reserved 1114112K
  class space    used 8349K, committed 9152K, reserved 1048576K
}
Event: 7,549 GC heap after
{Heap after GC invocations=20 (full 0):
 garbage-first heap   total 78848K, used 41721K [0x00000000c0000000, 0x0000000100000000)
  region size 1024K, 1 young (1024K), 1 survivors (1024K)
 Metaspace       used 68627K, committed 70336K, reserved 1114112K
  class space    used 8349K, committed 9152K, reserved 1048576K
}
Event: 15,502 GC heap before
{Heap before GC invocations=20 (full 0):
 garbage-first heap   total 78848K, used 60153K [0x00000000c0000000, 0x0000000100000000)
  region size 1024K, 20 young (20480K), 1 survivors (1024K)
 Metaspace       used 70144K, committed 71808K, reserved 1114112K
  class space    used 8541K, committed 9344K, reserved 1048576K
}
Event: 15,507 GC heap after
{Heap after GC invocations=21 (full 0):
 garbage-first heap   total 114688K, used 45869K [0x00000000c0000000, 0x0000000100000000)
  region size 1024K, 3 young (3072K), 3 survivors (3072K)
 Metaspace       used 70144K, committed 71808K, reserved 1114112K
  class space    used 8541K, committed 9344K, reserved 1048576K
}

