# JRE version: OpenJDK Runtime Environment Temurin-17.0.6+10 (17.0.6+10) (build 17.0.6+10)
# Java VM: OpenJDK 64-Bit Server VM Temurin-17.0.6+10 (17.0.6+10, mixed mode, tiered, compressed oops, compressed class ptrs, g1 gc, linux-amd64)
GC Precious Log:
 CPUs: 16 total, 16 available
 Memory: 11797M
 Large Page Support: Disabled
 NUMA Support: Disabled
 Compressed Oops: Enabled (32-bit)
 Heap Region Size: 1M
 Heap Min Capacity: 64M
 Heap Initial Capacity: 64M
 Heap Max Capacity: 1G
 Pre-touch: Disabled
 Parallel Workers: 13
 Concurrent Workers: 3
 Concurrent Refinement Workers: 13
 Periodic GC: Disabled
Heap:
 garbage-first heap   total 180224K, used 85011K [0x00000000c0000000, 0x0000000100000000)
  region size 1024K, 40 young (40960K), 3 survivors (3072K)
 Metaspace       used 77332K, committed 79104K, reserved 1122304K
  class space    used 9343K, committed 10112K, reserved 1048576K
GC Heap History (20 events):
Event: 23,981 GC heap before
{Heap before GC invocations=17 (full 0):
 garbage-first heap   total 78848K, used 60734K [0x00000000c0000000, 0x0000000100000000)
  region size 1024K, 20 young (20480K), 1 survivors (1024K)
 Metaspace       used 67184K, committed 68736K, reserved 1114112K
  class space    used 8008K, committed 8640K, reserved 1048576K
}
Event: 23,984 GC heap after
{Heap after GC invocations=18 (full 0):
 garbage-first heap   total 78848K, used 43453K [0x00000000c0000000, 0x0000000100000000)
  region size 1024K, 3 young (3072K), 3 survivors (3072K)
 Metaspace       used 67184K, committed 68736K, reserved 1114112K
  class space    used 8008K, committed 8640K, reserved 1048576K
}
Event: 41,122 GC heap before
{Heap before GC invocations=19 (full 0):
 garbage-first heap   total 78848K, used 60861K [0x00000000c0000000, 0x0000000100000000)
  region size 1024K, 21 young (21504K), 3 survivors (3072K)
 Metaspace       used 67849K, committed 69504K, reserved 1114112K
  class space    used 8073K, committed 8768K, reserved 1048576K
}
Event: 41,126 GC heap after
{Heap after GC invocations=20 (full 0):
 garbage-first heap   total 78848K, used 44709K [0x00000000c0000000, 0x0000000100000000)
  region size 1024K, 3 young (3072K), 3 survivors (3072K)
 Metaspace       used 67849K, committed 69504K, reserved 1114112K
  class space    used 8073K, committed 8768K, reserved 1048576K
}
Event: 41,156 GC heap before
{Heap before GC invocations=20 (full 0):
 garbage-first heap   total 78848K, used 45733K [0x00000000c0000000, 0x0000000100000000)
  region size 1024K, 4 young (4096K), 3 survivors (3072K)
 Metaspace       used 67864K, committed 69504K, reserved 1114112K
  class space    used 8073K, committed 8768K, reserved 1048576K
}
Event: 41,162 GC heap after
{Heap after GC invocations=21 (full 0):
 garbage-first heap   total 78848K, used 42732K [0x00000000c0000000, 0x0000000100000000)
  region size 1024K, 1 young (1024K), 1 survivors (1024K)
 Metaspace       used 67864K, committed 69504K, reserved 1114112K
  class space    used 8073K, committed 8768K, reserved 1048576K
}
Event: 46,201 GC heap before
{Heap before GC invocations=21 (full 0):
 garbage-first heap   total 78848K, used 61164K [0x00000000c0000000, 0x0000000100000000)
  region size 1024K, 19 young (19456K), 1 survivors (1024K)
 Metaspace       used 68172K, committed 69824K, reserved 1114112K
  class space    used 8083K, committed 8768K, reserved 1048576K
}
Event: 46,203 GC heap after
{Heap after GC invocations=22 (full 0):
 garbage-first heap   total 78848K, used 44597K [0x00000000c0000000, 0x0000000100000000)
  region size 1024K, 3 young (3072K), 3 survivors (3072K)
 Metaspace       used 68172K, committed 69824K, reserved 1114112K
  class space    used 8083K, committed 8768K, reserved 1048576K
}
Event: 56,918 GC heap before
{Heap before GC invocations=23 (full 0):
 garbage-first heap   total 78848K, used 62005K [0x00000000c0000000, 0x0000000100000000)
  region size 1024K, 20 young (20480K), 3 survivors (3072K)
 Metaspace       used 68504K, committed 70080K, reserved 1114112K
  class space    used 8110K, committed 8768K, reserved 1048576K
}
Event: 56,926 GC heap after
{Heap after GC invocations=24 (full 0):
 garbage-first heap   total 78848K, used 46722K [0x00000000c0000000, 0x0000000100000000)
  region size 1024K, 3 young (3072K), 3 survivors (3072K)
 Metaspace       used 68504K, committed 70080K, reserved 1114112K
  class space    used 8110K, committed 8768K, reserved 1048576K
}
Event: 57,424 GC heap before
{Heap before GC invocations=24 (full 0):
 garbage-first heap   total 78848K, used 47746K [0x00000000c0000000, 0x0000000100000000)
  region size 1024K, 4 young (4096K), 3 survivors (3072K)
 Metaspace       used 68507K, committed 70080K, reserved 1114112K
  class space    used 8110K, committed 8768K, reserved 1048576K
}
Event: 57,430 GC heap after
{Heap after GC invocations=25 (full 0):
 garbage-first heap   total 78848K, used 43834K [0x00000000c0000000, 0x0000000100000000)
  region size 1024K, 1 young (1024K), 1 survivors (1024K)
 Metaspace       used 68507K, committed 70080K, reserved 1114112K
  class space    used 8110K, committed 8768K, reserved 1048576K
}
Event: 61,869 GC heap before
{Heap before GC invocations=25 (full 0):
 garbage-first heap   total 78848K, used 61242K [0x00000000c0000000, 0x0000000100000000)
  region size 1024K, 18 young (18432K), 1 survivors (1024K)
 Metaspace       used 69810K, committed 71488K, reserved 1114112K
  class space    used 8309K, committed 9024K, reserved 1048576K
}
Event: 61,872 GC heap after
{Heap after GC invocations=26 (full 0):
 garbage-first heap   total 78848K, used 46550K [0x00000000c0000000, 0x0000000100000000)
  region size 1024K, 3 young (3072K), 3 survivors (3072K)
 Metaspace       used 69810K, committed 71488K, reserved 1114112K
  class space    used 8309K, committed 9024K, reserved 1048576K
}
Event: 65,281 GC heap before
{Heap before GC invocations=27 (full 0):
 garbage-first heap   total 80896K, used 61910K [0x00000000c0000000, 0x0000000100000000)
  region size 1024K, 18 young (18432K), 3 survivors (3072K)
 Metaspace       used 70292K, committed 72000K, reserved 1114112K
  class space    used 8384K, committed 9152K, reserved 1048576K
}
Event: 65,284 GC heap after
{Heap after GC invocations=28 (full 0):
 garbage-first heap   total 80896K, used 47136K [0x00000000c0000000, 0x0000000100000000)
  region size 1024K, 3 young (3072K), 3 survivors (3072K)
 Metaspace       used 70292K, committed 72000K, reserved 1114112K
  class space    used 8384K, committed 9152K, reserved 1048576K
}
Event: 65,315 GC heap before
{Heap before GC invocations=28 (full 0):
 garbage-first heap   total 80896K, used 48160K [0x00000000c0000000, 0x0000000100000000)
  region size 1024K, 4 young (4096K), 3 survivors (3072K)
 Metaspace       used 70763K, committed 72448K, reserved 1114112K
  class space    used 8475K, committed 9216K, reserved 1048576K
}
Event: 65,321 GC heap after
{Heap after GC invocations=29 (full 0):
 garbage-first heap   total 80896K, used 44854K [0x00000000c0000000, 0x0000000100000000)
  region size 1024K, 1 young (1024K), 1 survivors (1024K)
 Metaspace       used 70763K, committed 72448K, reserved 1114112K
  class space    used 8475K, committed 9216K, reserved 1048576K
}
Event: 67,244 GC heap before
{Heap before GC invocations=29 (full 0):
 garbage-first heap   total 80896K, used 62262K [0x00000000c0000000, 0x0000000100000000)
  region size 1024K, 18 young (18432K), 1 survivors (1024K)
 Metaspace       used 73432K, committed 75136K, reserved 1122304K
  class space    used 8922K, committed 9664K, reserved 1048576K
}
Event: 67,251 GC heap after
{Heap after GC invocations=30 (full 0):
 garbage-first heap   total 180224K, used 47123K [0x00000000c0000000, 0x0000000100000000)
  region size 1024K, 3 young (3072K), 3 survivors (3072K)
 Metaspace       used 73432K, committed 75136K, reserved 1122304K
  class space    used 8922K, committed 9664K, reserved 1048576K
}

